[warning] Client/Server api version mismatch, client api version : 1.59.1, server api version : 1.60.0
[Note]: Dependency sources are no longer verified automatically during publication and upgrade. You can pass the `--verify-deps` option if you would like to verify them as part of publication or upgrade.
[note] Dependencies on Bridge, MoveStdlib, Sui, and SuiSystem are automatically added, but this feature is disabled for your package because you have explicitly included dependencies on Sui. Consider removing these dependencies from Move.toml.
INCLUDING DEPENDENCY Sui
INCLUDING DEPENDENCY MoveStdlib
BUILDING archimeters
Total number of linter warnings suppressed: 6 (unique lints: 2)
Skipping dependency verification
Transaction Digest: C3MZCAmCNfMCW9QNnHkJBWchKzBSWMYZarRXhAnzwrFN
╭──────────────────────────────────────────────────────────────────────────────────────────────────────────────╮
│ Transaction Data                                                                                             │
├──────────────────────────────────────────────────────────────────────────────────────────────────────────────┤
│ Sender: 0x7dd2687d223800eb41ea5edf645941ee49f75862dff5e35f5efd07855dbea292                                   │
│ Gas Owner: 0x7dd2687d223800eb41ea5edf645941ee49f75862dff5e35f5efd07855dbea292                                │
│ Gas Budget: 500000000 MIST                                                                                   │
│ Gas Price: 1000 MIST                                                                                         │
│ Gas Payment:                                                                                                 │
│  ┌──                                                                                                         │
│  │ ID: 0xa40a694ad80b1b9b84879d42adb20bcd96d70f77407a27c2d1ad1eea5c007b04                                    │
│  │ Version: 618645364                                                                                        │
│  │ Digest: 6JBWHVeXogB16LLcKajeatXLRGQCUeCyyDELjeYcJDeB                                                      │
│  └──                                                                                                         │
│                                                                                                              │
│ Transaction Kind: Programmable                                                                               │
│ ╭──────────────────────────────────────────────────────────────────────────────────────────────────────────╮ │
│ │ Input Objects                                                                                            │ │
│ ├──────────────────────────────────────────────────────────────────────────────────────────────────────────┤ │
│ │ 0   Pure Arg: Type: address, Value: "0x7dd2687d223800eb41ea5edf645941ee49f75862dff5e35f5efd07855dbea292" │ │
│ ╰──────────────────────────────────────────────────────────────────────────────────────────────────────────╯ │
│ ╭─────────────────────────────────────────────────────────────────────────╮                                  │
│ │ Commands                                                                │                                  │
│ ├─────────────────────────────────────────────────────────────────────────┤                                  │
│ │ 0  Publish:                                                             │                                  │
│ │  ┌                                                                      │                                  │
│ │  │ Dependencies:                                                        │                                  │
│ │  │   0x0000000000000000000000000000000000000000000000000000000000000001 │                                  │
│ │  │   0x0000000000000000000000000000000000000000000000000000000000000002 │                                  │
│ │  └                                                                      │                                  │
│ │                                                                         │                                  │
│ │ 1  TransferObjects:                                                     │                                  │
│ │  ┌                                                                      │                                  │
│ │  │ Arguments:                                                           │                                  │
│ │  │   Result 0                                                           │                                  │
│ │  │ Address: Input  0                                                    │                                  │
│ │  └                                                                      │                                  │
│ ╰─────────────────────────────────────────────────────────────────────────╯                                  │
│                                                                                                              │
│ Signatures:                                                                                                  │
│    hmTI9OXJnBbRy4ZGP6JlI33f5rbRtoZF9LPy2IRncnkyWlL4bjJNaCn7K4GFisP5bZc9JDFaY6sDQ0E+Ejk+BQ==                  │
│                                                                                                              │
╰──────────────────────────────────────────────────────────────────────────────────────────────────────────────╯
╭───────────────────────────────────────────────────────────────────────────────────────────────────╮
│ Transaction Effects                                                                               │
├───────────────────────────────────────────────────────────────────────────────────────────────────┤
│ Digest: C3MZCAmCNfMCW9QNnHkJBWchKzBSWMYZarRXhAnzwrFN                                              │
│ Status: Success                                                                                   │
│ Executed Epoch: 911                                                                               │
│                                                                                                   │
│ Created Objects:                                                                                  │
│  ┌──                                                                                              │
│  │ ID: 0x0310287bc3ca7a8f93700efbb32ef083278e4a2fe4024754085d2877f5ea2772                         │
│  │ Owner: Account Address ( 0x7dd2687d223800eb41ea5edf645941ee49f75862dff5e35f5efd07855dbea292 )  │
│  │ Version: 618645365                                                                             │
│  │ Digest: Am2jzGADSz6WAs8vzCsoPsSetvwLib1ZjHoDZNjXpjXa                                           │
│  └──                                                                                              │
│  ┌──                                                                                              │
│  │ ID: 0x041aa00c592adc2ae34b150a7f146a156db66f44b304f1740c42e7cdcf78ecae                         │
│  │ Owner: Account Address ( 0x7dd2687d223800eb41ea5edf645941ee49f75862dff5e35f5efd07855dbea292 )  │
│  │ Version: 618645365                                                                             │
│  │ Digest: 2PgpigjygkeuDuKZuVzPXPoEc14ho4nKYivPS713hyQJ                                           │
│  └──                                                                                              │
│  ┌──                                                                                              │
│  │ ID: 0x136e8e7aaec8f1a0b9f91715fc456b4638fbdab4483b9e8179edd1df9ab95a1e                         │
│  │ Owner: Account Address ( 0x7dd2687d223800eb41ea5edf645941ee49f75862dff5e35f5efd07855dbea292 )  │
│  │ Version: 618645365                                                                             │
│  │ Digest: C49RLkXqMa4FNVEqUrcjhKB92sWDd2ZARKe5Lvw7TqPY                                           │
│  └──                                                                                              │
│  ┌──                                                                                              │
│  │ ID: 0x14bb03bb7a4943aa194694a8a4b9a765dd1675a1bf995e952fa8efacf0c3a9dd                         │
│  │ Owner: Object ID: ( 0x9db69a0ef2961bde3348c304e369c65d8d16b339a8371a2d26162d6e682d6756 )       │
│  │ Version: 618645365                                                                             │
│  │ Digest: 9nUggNYcUFrkdiaoWAJseRHnTAStuRgkCg157YBCkn9J                                           │
│  └──                                                                                              │
│  ┌──                                                                                              │
│  │ ID: 0x1951cb73433dab47d35213477493bb1a7173703c7ad7924e012746e955975e5b                         │
│  │ Owner: Account Address ( 0x7dd2687d223800eb41ea5edf645941ee49f75862dff5e35f5efd07855dbea292 )  │
│  │ Version: 618645365                                                                             │
│  │ Digest: 4zggNgP4HqLiDQJPzT1ooCBKDYuv6yumvPWKnezfeqbk                                           │
│  └──                                                                                              │
│  ┌──                                                                                              │
│  │ ID: 0x226be4d6dcf1fc7f1656df3604eee1586d6a5136c96c5c3bd63f520a89effeb8                         │
│  │ Owner: Account Address ( 0x7dd2687d223800eb41ea5edf645941ee49f75862dff5e35f5efd07855dbea292 )  │
│  │ Version: 618645365                                                                             │
│  │ Digest: 7VmUHSZTDCqnrZxRRfD8o19SAyJdhgpU1pmSrYnXuEz2                                           │
│  └──                                                                                              │
│  ┌──                                                                                              │
│  │ ID: 0x2b0363d9606a5ae3ca9d8e29b2a8f2f3144d02eca054501e86b9a0673c424e31                         │
│  │ Owner: Shared( 618645365 )                                                                     │
│  │ Version: 618645365                                                                             │
│  │ Digest: 9QhJuNe3D5XemBYRjmx2CVyvnvz21KM1NWFzyKKkk5k6                                           │
│  └──                                                                                              │
│  ┌──                                                                                              │
│  │ ID: 0x74c026e94ce9d35d1d6d52ec060404d28f4fb8f27d450baa090b860f5cf121b9                         │
│  │ Owner: Account Address ( 0x7dd2687d223800eb41ea5edf645941ee49f75862dff5e35f5efd07855dbea292 )  │
│  │ Version: 618645365                                                                             │
│  │ Digest: 2qFszYTYe5a7z5TciCZh3CcrZpxUHxsTfChnTfjb5bTR                                           │
│  └──                                                                                              │
│  ┌──                                                                                              │
│  │ ID: 0x8b6bd5537cf68ba37e05cadeef6dbd9ef7939c0747f03f8ed4e402263dec8d94                         │
│  │ Owner: Immutable                                                                               │
│  │ Version: 1                                                                                     │
│  │ Digest: CXXwKsHzv668Mq32x5NuBYz1qHNcsCkWxTciPiVsV735                                           │
│  └──                                                                                              │
│  ┌──                                                                                              │
│  │ ID: 0x9db69a0ef2961bde3348c304e369c65d8d16b339a8371a2d26162d6e682d6756                         │
│  │ Owner: Shared( 618645365 )                                                                     │
│  │ Version: 618645365                                                                             │
│  │ Digest: FgZTV8UGbHviXCid3FEYCLSwHMvguywmspFyuNfRPPkR                                           │
│  └──                                                                                              │
│  ┌──                                                                                              │
│  │ ID: 0xac3eb932b8319b8d699385471f6d395526d6f14d0b83b45d030ae144d47811ee                         │
│  │ Owner: Shared( 618645365 )                                                                     │
│  │ Version: 618645365                                                                             │
│  │ Digest: DRqr9Q7PoMxvwBPoQqfTQ7z3xk8zFpAV2RvJyeCmbBXv                                           │
│  └──                                                                                              │
│  ┌──                                                                                              │
│  │ ID: 0xbb0d89498a4856a6d2d1a2a1810f5482e222828abd5db086aaab9cdc147a9d1c                         │
│  │ Owner: Account Address ( 0x7dd2687d223800eb41ea5edf645941ee49f75862dff5e35f5efd07855dbea292 )  │
│  │ Version: 618645365                                                                             │
│  │ Digest: GYhihRgonTb7n9ddY3iR22ASLWACLstiV9kYcc4ZjEW4                                           │
│  └──                                                                                              │
│  ┌──                                                                                              │
│  │ ID: 0xd506d0bfbf947cf64f175d7e0a2a14d9c6e44fe6c7fc08b53cb33ee3c5af7572                         │
│  │ Owner: Account Address ( 0x7dd2687d223800eb41ea5edf645941ee49f75862dff5e35f5efd07855dbea292 )  │
│  │ Version: 618645365                                                                             │
│  │ Digest: JAbFDKu7gJ2L8uyDGBpTxcgVNyTR8NtqiWPheZw4L7po                                           │
│  └──                                                                                              │
│  ┌──                                                                                              │
│  │ ID: 0xd7cb120942c788d1ad9de08748e2d72ac7eb537514a289a9787f30deb4e345dc                         │
│  │ Owner: Account Address ( 0x7dd2687d223800eb41ea5edf645941ee49f75862dff5e35f5efd07855dbea292 )  │
│  │ Version: 618645365                                                                             │
│  │ Digest: DvRWjk9LzPgdwzkHQkQSdAompTJsXSnTheZCZZA4ZPvc                                           │
│  └──                                                                                              │
│  ┌──                                                                                              │
│  │ ID: 0xe242a48a9a87458f85e40524ca5b5f44f1e1ee37af5b1a3b8582c9fd585d6fd8                         │
│  │ Owner: Object ID: ( 0xef246514972aa4c367da3bf9e40f69b01428fb07277bb997e1f2f9adc41201b8 )       │
│  │ Version: 618645365                                                                             │
│  │ Digest: H93iFvXpwxanv6aDadtdQDbpFF4HMKeVv4mnivnKjqJi                                           │
│  └──                                                                                              │
│  ┌──                                                                                              │
│  │ ID: 0xef246514972aa4c367da3bf9e40f69b01428fb07277bb997e1f2f9adc41201b8                         │
│  │ Owner: Shared( 618645365 )                                                                     │
│  │ Version: 618645365                                                                             │
│  │ Digest: 9ZeGgVjQL9sUUByypNiG4BVECia6JcYV6cWDjS2DD7ve                                           │
│  └──                                                                                              │
│ Mutated Objects:                                                                                  │
│  ┌──                                                                                              │
│  │ ID: 0xa40a694ad80b1b9b84879d42adb20bcd96d70f77407a27c2d1ad1eea5c007b04                         │
│  │ Owner: Account Address ( 0x7dd2687d223800eb41ea5edf645941ee49f75862dff5e35f5efd07855dbea292 )  │
│  │ Version: 618645365                                                                             │
│  │ Digest: 49NG4qTJ94m5xnHrhnRnsFzx8izzbabS4CjTqq4TLqiT                                           │
│  └──                                                                                              │
│ Gas Object:                                                                                       │
│  ┌──                                                                                              │
│  │ ID: 0xa40a694ad80b1b9b84879d42adb20bcd96d70f77407a27c2d1ad1eea5c007b04                         │
│  │ Owner: Account Address ( 0x7dd2687d223800eb41ea5edf645941ee49f75862dff5e35f5efd07855dbea292 )  │
│  │ Version: 618645365                                                                             │
│  │ Digest: 49NG4qTJ94m5xnHrhnRnsFzx8izzbabS4CjTqq4TLqiT                                           │
│  └──                                                                                              │
│ Gas Cost Summary:                                                                                 │
│    Storage Cost: 149400800 MIST                                                                   │
│    Computation Cost: 2000000 MIST                                                                 │
│    Storage Rebate: 978120 MIST                                                                    │
│    Non-refundable Storage Fee: 9880 MIST                                                          │
│                                                                                                   │
│ Transaction Dependencies:                                                                         │
│    8zo2bxWF4C6RaXbtswtmbtHWr4g9wUjGciK69CAWZsfV                                                   │
│    Dd9pn1zFcSJjinxQewFd2gQdR4XKsHxFioD5MYnwLZQz                                                   │
│    GppkRKgQ5ZXNWpCC3BTd9tXG4zF3ACacZK9Pu8eCvJiz                                                   │
╰───────────────────────────────────────────────────────────────────────────────────────────────────╯
╭───────────────────────────────────────────────────────────────────────────────────────────────────────────────────────────────────────────────────────────────────────────────────────────────────────────────────────────────────────╮
│ Transaction Block Events                                                                                                                                                                                                              │
├───────────────────────────────────────────────────────────────────────────────────────────────────────────────────────────────────────────────────────────────────────────────────────────────────────────────────────────────────────┤
│  ┌──                                                                                                                                                                                                                                  │
│  │ EventID: C3MZCAmCNfMCW9QNnHkJBWchKzBSWMYZarRXhAnzwrFN:0                                                                                                                                                                            │
│  │ PackageID: 0x8b6bd5537cf68ba37e05cadeef6dbd9ef7939c0747f03f8ed4e402263dec8d94                                                                                                                                                      │
│  │ Transaction Module: archimeters                                                                                                                                                                                                    │
│  │ Sender: 0x7dd2687d223800eb41ea5edf645941ee49f75862dff5e35f5efd07855dbea292                                                                                                                                                         │
│  │ EventType: 0x2::display::DisplayCreated<0x8b6bd5537cf68ba37e05cadeef6dbd9ef7939c0747f03f8ed4e402263dec8d94::archimeters::MemberShip>                                                                                               │
│  │ ParsedJSON:                                                                                                                                                                                                                        │
│  │   ┌────┬────────────────────────────────────────────────────────────────────┐                                                                                                                                                      │
│  │   │ id │ 0x226be4d6dcf1fc7f1656df3604eee1586d6a5136c96c5c3bd63f520a89effeb8 │                                                                                                                                                      │
│  │   └────┴────────────────────────────────────────────────────────────────────┘                                                                                                                                                      │
│  └──                                                                                                                                                                                                                                  │
│  ┌──                                                                                                                                                                                                                                  │
│  │ EventID: C3MZCAmCNfMCW9QNnHkJBWchKzBSWMYZarRXhAnzwrFN:1                                                                                                                                                                            │
│  │ PackageID: 0x8b6bd5537cf68ba37e05cadeef6dbd9ef7939c0747f03f8ed4e402263dec8d94                                                                                                                                                      │
│  │ Transaction Module: archimeters                                                                                                                                                                                                    │
│  │ Sender: 0x7dd2687d223800eb41ea5edf645941ee49f75862dff5e35f5efd07855dbea292                                                                                                                                                         │
│  │ EventType: 0x2::display::VersionUpdated<0x8b6bd5537cf68ba37e05cadeef6dbd9ef7939c0747f03f8ed4e402263dec8d94::archimeters::MemberShip>                                                                                               │
│  │ ParsedJSON:                                                                                                                                                                                                                        │
│  │   ┌─────────┬──────────┬───────┬─────────────────────────────────────────────────────────────────────────────────────────────────────┐                                                                                             │
│  │   │ fields  │ contents │ key   │ name                                                                                                │                                                                                             │
│  │   │         │          ├───────┼─────────────────────────────────────────────────────────────────────────────────────────────────────┤                                                                                             │
│  │   │         │          │ value │ {username}                                                                                          │                                                                                             │
│  │   │         │          ├───────┼─────────────────────────────────────────────────────────────────────────────────────────────────────┤                                                                                             │
│  │   │         │          │ key   │ link                                                                                                │                                                                                             │
│  │   │         │          ├───────┼─────────────────────────────────────────────────────────────────────────────────────────────────────┤                                                                                             │
│  │   │         │          │ value │ https://archimeters.vercel.app                                                                      │                                                                                             │
│  │   │         │          ├───────┼─────────────────────────────────────────────────────────────────────────────────────────────────────┤                                                                                             │
│  │   │         │          │ key   │ description                                                                                         │                                                                                             │
│  │   │         │          ├───────┼─────────────────────────────────────────────────────────────────────────────────────────────────────┤                                                                                             │
│  │   │         │          │ value │ Your access to the parametric design world                                                          │                                                                                             │
│  │   │         │          ├───────┼─────────────────────────────────────────────────────────────────────────────────────────────────────┤                                                                                             │
│  │   │         │          │ key   │ image_url                                                                                           │                                                                                             │
│  │   │         │          ├───────┼─────────────────────────────────────────────────────────────────────────────────────────────────────┤                                                                                             │
│  │   │         │          │ value │ https://aggregator.walrus-testnet.walrus.space/v1/blobs/d3ElFh07L2aZFHgFASwsIkn_WHnjnNHSz0U8SlbTi_Q │                                                                                             │
│  │   ├─────────┼──────────┴───────┴─────────────────────────────────────────────────────────────────────────────────────────────────────┤                                                                                             │
│  │   │ id      │ 0x226be4d6dcf1fc7f1656df3604eee1586d6a5136c96c5c3bd63f520a89effeb8                                                     │                                                                                             │
│  │   ├─────────┼────────────────────────────────────────────────────────────────────────────────────────────────────────────────────────┤                                                                                             │
│  │   │ version │ 1                                                                                                                      │                                                                                             │
│  │   └─────────┴────────────────────────────────────────────────────────────────────────────────────────────────────────────────────────┘                                                                                             │
│  └──                                                                                                                                                                                                                                  │
│  ┌──                                                                                                                                                                                                                                  │
│  │ EventID: C3MZCAmCNfMCW9QNnHkJBWchKzBSWMYZarRXhAnzwrFN:2                                                                                                                                                                            │
│  │ PackageID: 0x8b6bd5537cf68ba37e05cadeef6dbd9ef7939c0747f03f8ed4e402263dec8d94                                                                                                                                                      │
│  │ Transaction Module: atelier                                                                                                                                                                                                        │
│  │ Sender: 0x7dd2687d223800eb41ea5edf645941ee49f75862dff5e35f5efd07855dbea292                                                                                                                                                         │
│  │ EventType: 0x2::display::DisplayCreated<0x8b6bd5537cf68ba37e05cadeef6dbd9ef7939c0747f03f8ed4e402263dec8d94::atelier::Atelier<0x8b6bd5537cf68ba37e05cadeef6dbd9ef7939c0747f03f8ed4e402263dec8d94::atelier::ATELIER>>                │
│  │ ParsedJSON:                                                                                                                                                                                                                        │
│  │   ┌────┬────────────────────────────────────────────────────────────────────┐                                                                                                                                                      │
│  │   │ id │ 0x041aa00c592adc2ae34b150a7f146a156db66f44b304f1740c42e7cdcf78ecae │                                                                                                                                                      │
│  │   └────┴────────────────────────────────────────────────────────────────────┘                                                                                                                                                      │
│  └──                                                                                                                                                                                                                                  │
│  ┌──                                                                                                                                                                                                                                  │
│  │ EventID: C3MZCAmCNfMCW9QNnHkJBWchKzBSWMYZarRXhAnzwrFN:3                                                                                                                                                                            │
│  │ PackageID: 0x8b6bd5537cf68ba37e05cadeef6dbd9ef7939c0747f03f8ed4e402263dec8d94                                                                                                                                                      │
│  │ Transaction Module: atelier                                                                                                                                                                                                        │
│  │ Sender: 0x7dd2687d223800eb41ea5edf645941ee49f75862dff5e35f5efd07855dbea292                                                                                                                                                         │
│  │ EventType: 0x2::display::VersionUpdated<0x8b6bd5537cf68ba37e05cadeef6dbd9ef7939c0747f03f8ed4e402263dec8d94::atelier::Atelier<0x8b6bd5537cf68ba37e05cadeef6dbd9ef7939c0747f03f8ed4e402263dec8d94::atelier::ATELIER>>                │
│  │ ParsedJSON:                                                                                                                                                                                                                        │
│  │   ┌─────────┬──────────┬───────┬─────────────────────────────────────────────────────────────────────────────────────────────────────┐                                                                                             │
│  │   │ fields  │ contents │ key   │ name                                                                                                │                                                                                             │
│  │   │         │          ├───────┼─────────────────────────────────────────────────────────────────────────────────────────────────────┤                                                                                             │
│  │   │         │          │ value │ {name}                                                                                              │                                                                                             │
│  │   │         │          ├───────┼─────────────────────────────────────────────────────────────────────────────────────────────────────┤                                                                                             │
│  │   │         │          │ key   │ link                                                                                                │                                                                                             │
│  │   │         │          ├───────┼─────────────────────────────────────────────────────────────────────────────────────────────────────┤                                                                                             │
│  │   │         │          │ value │ https://archimeters.vercel.app/                                                                     │                                                                                             │
│  │   │         │          ├───────┼─────────────────────────────────────────────────────────────────────────────────────────────────────┤                                                                                             │
│  │   │         │          │ key   │ description                                                                                         │                                                                                             │
│  │   │         │          ├───────┼─────────────────────────────────────────────────────────────────────────────────────────────────────┤                                                                                             │
│  │   │         │          │ value │ Atelier Published by Archimeters                                                                    │                                                                                             │
│  │   │         │          ├───────┼─────────────────────────────────────────────────────────────────────────────────────────────────────┤                                                                                             │
│  │   │         │          │ key   │ image_url                                                                                           │                                                                                             │
│  │   │         │          ├───────┼─────────────────────────────────────────────────────────────────────────────────────────────────────┤                                                                                             │
│  │   │         │          │ value │ https://aggregator.walrus-testnet.walrus.space/v1/blobs/zw47vReyw9PXRYjIrtMFhgFF8O3nv26nWCJFY6QEiDI │                                                                                             │
│  │   │         │          ├───────┼─────────────────────────────────────────────────────────────────────────────────────────────────────┤                                                                                             │
│  │   │         │          │ key   │ original_creator                                                                                    │                                                                                             │
│  │   │         │          ├───────┼─────────────────────────────────────────────────────────────────────────────────────────────────────┤                                                                                             │
│  │   │         │          │ value │ {original_creator}                                                                                  │                                                                                             │
│  │   │         │          ├───────┼─────────────────────────────────────────────────────────────────────────────────────────────────────┤                                                                                             │
│  │   │         │          │ key   │ current_owner                                                                                       │                                                                                             │
│  │   │         │          ├───────┼─────────────────────────────────────────────────────────────────────────────────────────────────────┤                                                                                             │
│  │   │         │          │ value │ {current_owner}                                                                                     │                                                                                             │
│  │   ├─────────┼──────────┴───────┴─────────────────────────────────────────────────────────────────────────────────────────────────────┤                                                                                             │
│  │   │ id      │ 0x041aa00c592adc2ae34b150a7f146a156db66f44b304f1740c42e7cdcf78ecae                                                     │                                                                                             │
│  │   ├─────────┼────────────────────────────────────────────────────────────────────────────────────────────────────────────────────────┤                                                                                             │
│  │   │ version │ 1                                                                                                                      │                                                                                             │
│  │   └─────────┴────────────────────────────────────────────────────────────────────────────────────────────────────────────────────────┘                                                                                             │
│  └──                                                                                                                                                                                                                                  │
│  ┌──                                                                                                                                                                                                                                  │
│  │ EventID: C3MZCAmCNfMCW9QNnHkJBWchKzBSWMYZarRXhAnzwrFN:4                                                                                                                                                                            │
│  │ PackageID: 0x8b6bd5537cf68ba37e05cadeef6dbd9ef7939c0747f03f8ed4e402263dec8d94                                                                                                                                                      │
│  │ Transaction Module: atelier                                                                                                                                                                                                        │
│  │ Sender: 0x7dd2687d223800eb41ea5edf645941ee49f75862dff5e35f5efd07855dbea292                                                                                                                                                         │
│  │ EventType: 0x2::transfer_policy::TransferPolicyCreated<0x8b6bd5537cf68ba37e05cadeef6dbd9ef7939c0747f03f8ed4e402263dec8d94::atelier::Atelier<0x8b6bd5537cf68ba37e05cadeef6dbd9ef7939c0747f03f8ed4e402263dec8d94::atelier::ATELIER>> │
│  │ ParsedJSON:                                                                                                                                                                                                                        │
│  │   ┌────┬────────────────────────────────────────────────────────────────────┐                                                                                                                                                      │
│  │   │ id │ 0xef246514972aa4c367da3bf9e40f69b01428fb07277bb997e1f2f9adc41201b8 │                                                                                                                                                      │
│  │   └────┴────────────────────────────────────────────────────────────────────┘                                                                                                                                                      │
│  └──                                                                                                                                                                                                                                  │
│  ┌──                                                                                                                                                                                                                                  │
│  │ EventID: C3MZCAmCNfMCW9QNnHkJBWchKzBSWMYZarRXhAnzwrFN:5                                                                                                                                                                            │
│  │ PackageID: 0x8b6bd5537cf68ba37e05cadeef6dbd9ef7939c0747f03f8ed4e402263dec8d94                                                                                                                                                      │
│  │ Transaction Module: sculpt                                                                                                                                                                                                         │
│  │ Sender: 0x7dd2687d223800eb41ea5edf645941ee49f75862dff5e35f5efd07855dbea292                                                                                                                                                         │
│  │ EventType: 0x2::display::DisplayCreated<0x8b6bd5537cf68ba37e05cadeef6dbd9ef7939c0747f03f8ed4e402263dec8d94::sculpt::Sculpt<0x8b6bd5537cf68ba37e05cadeef6dbd9ef7939c0747f03f8ed4e402263dec8d94::atelier::ATELIER>>                  │
│  │ ParsedJSON:                                                                                                                                                                                                                        │
│  │   ┌────┬────────────────────────────────────────────────────────────────────┐                                                                                                                                                      │
│  │   │ id │ 0x136e8e7aaec8f1a0b9f91715fc456b4638fbdab4483b9e8179edd1df9ab95a1e │                                                                                                                                                      │
│  │   └────┴────────────────────────────────────────────────────────────────────┘                                                                                                                                                      │
│  └──                                                                                                                                                                                                                                  │
│  ┌──                                                                                                                                                                                                                                  │
│  │ EventID: C3MZCAmCNfMCW9QNnHkJBWchKzBSWMYZarRXhAnzwrFN:6                                                                                                                                                                            │
│  │ PackageID: 0x8b6bd5537cf68ba37e05cadeef6dbd9ef7939c0747f03f8ed4e402263dec8d94                                                                                                                                                      │
│  │ Transaction Module: sculpt                                                                                                                                                                                                         │
│  │ Sender: 0x7dd2687d223800eb41ea5edf645941ee49f75862dff5e35f5efd07855dbea292                                                                                                                                                         │
│  │ EventType: 0x2::display::VersionUpdated<0x8b6bd5537cf68ba37e05cadeef6dbd9ef7939c0747f03f8ed4e402263dec8d94::sculpt::Sculpt<0x8b6bd5537cf68ba37e05cadeef6dbd9ef7939c0747f03f8ed4e402263dec8d94::atelier::ATELIER>>                  │
│  │ ParsedJSON:                                                                                                                                                                                                                        │
│  │   ┌─────────┬──────────┬───────┬─────────────────────────────────────────────────┐                                                                                                                                                 │
│  │   │ fields  │ contents │ key   │ name                                            │                                                                                                                                                 │
│  │   │         │          ├───────┼─────────────────────────────────────────────────┤                                                                                                                                                 │
│  │   │         │          │ value │ {alias}                                         │                                                                                                                                                 │
│  │   │         │          ├───────┼─────────────────────────────────────────────────┤                                                                                                                                                 │
│  │   │         │          │ key   │ link                                            │                                                                                                                                                 │
│  │   │         │          ├───────┼─────────────────────────────────────────────────┤                                                                                                                                                 │
│  │   │         │          │ value │ https://archimeters.vercel.app/                 │                                                                                                                                                 │
│  │   │         │          ├───────┼─────────────────────────────────────────────────┤                                                                                                                                                 │
│  │   │         │          │ key   │ description                                     │                                                                                                                                                 │
│  │   │         │          ├───────┼─────────────────────────────────────────────────┤                                                                                                                                                 │
│  │   │         │          │ value │ Sculpt Published by Archimeters                 │                                                                                                                                                 │
│  │   │         │          ├───────┼─────────────────────────────────────────────────┤                                                                                                                                                 │
│  │   │         │          │ key   │ image_url                                       │                                                                                                                                                 │
│  │   │         │          ├───────┼─────────────────────────────────────────────────┤                                                                                                                                                 │
│  │   │         │          │ value │ {blueprint}                                     │                                                                                                                                                 │
│  │   ├─────────┼──────────┴───────┴─────────────────────────────────────────────────┤                                                                                                                                                 │
│  │   │ id      │ 0x136e8e7aaec8f1a0b9f91715fc456b4638fbdab4483b9e8179edd1df9ab95a1e │                                                                                                                                                 │
│  │   ├─────────┼────────────────────────────────────────────────────────────────────┤                                                                                                                                                 │
│  │   │ version │ 1                                                                  │                                                                                                                                                 │
│  │   └─────────┴────────────────────────────────────────────────────────────────────┘                                                                                                                                                 │
│  └──                                                                                                                                                                                                                                  │
│  ┌──                                                                                                                                                                                                                                  │
│  │ EventID: C3MZCAmCNfMCW9QNnHkJBWchKzBSWMYZarRXhAnzwrFN:7                                                                                                                                                                            │
│  │ PackageID: 0x8b6bd5537cf68ba37e05cadeef6dbd9ef7939c0747f03f8ed4e402263dec8d94                                                                                                                                                      │
│  │ Transaction Module: sculpt                                                                                                                                                                                                         │
│  │ Sender: 0x7dd2687d223800eb41ea5edf645941ee49f75862dff5e35f5efd07855dbea292                                                                                                                                                         │
│  │ EventType: 0x2::transfer_policy::TransferPolicyCreated<0x8b6bd5537cf68ba37e05cadeef6dbd9ef7939c0747f03f8ed4e402263dec8d94::sculpt::Sculpt<0x8b6bd5537cf68ba37e05cadeef6dbd9ef7939c0747f03f8ed4e402263dec8d94::atelier::ATELIER>>   │
│  │ ParsedJSON:                                                                                                                                                                                                                        │
│  │   ┌────┬────────────────────────────────────────────────────────────────────┐                                                                                                                                                      │
│  │   │ id │ 0x9db69a0ef2961bde3348c304e369c65d8d16b339a8371a2d26162d6e682d6756 │                                                                                                                                                      │
│  │   └────┴────────────────────────────────────────────────────────────────────┘                                                                                                                                                      │
│  └──                                                                                                                                                                                                                                  │
╰───────────────────────────────────────────────────────────────────────────────────────────────────────────────────────────────────────────────────────────────────────────────────────────────────────────────────────────────────────╯
╭───────────────────────────────────────────────────────────────────────────────────────────────────────────────────────────────────────────────────────────────────────────────────────────────────────────────────────────────────────────────────────────────────╮
│ Object Changes                                                                                                                                                                                                                                                    │
├───────────────────────────────────────────────────────────────────────────────────────────────────────────────────────────────────────────────────────────────────────────────────────────────────────────────────────────────────────────────────────────────────┤
│ Created Objects:                                                                                                                                                                                                                                                  │
│  ┌──                                                                                                                                                                                                                                                              │
│  │ ObjectID: 0x0310287bc3ca7a8f93700efbb32ef083278e4a2fe4024754085d2877f5ea2772                                                                                                                                                                                   │
│  │ Sender: 0x7dd2687d223800eb41ea5edf645941ee49f75862dff5e35f5efd07855dbea292                                                                                                                                                                                     │
│  │ Owner: Account Address ( 0x7dd2687d223800eb41ea5edf645941ee49f75862dff5e35f5efd07855dbea292 )                                                                                                                                                                  │
│  │ ObjectType: 0x2::transfer_policy::TransferPolicyCap<0x8b6bd5537cf68ba37e05cadeef6dbd9ef7939c0747f03f8ed4e402263dec8d94::atelier::Atelier<0x8b6bd5537cf68ba37e05cadeef6dbd9ef7939c0747f03f8ed4e402263dec8d94::atelier::ATELIER>>                                │
│  │ Version: 618645365                                                                                                                                                                                                                                             │
│  │ Digest: Am2jzGADSz6WAs8vzCsoPsSetvwLib1ZjHoDZNjXpjXa                                                                                                                                                                                                           │
│  └──                                                                                                                                                                                                                                                              │
│  ┌──                                                                                                                                                                                                                                                              │
│  │ ObjectID: 0x041aa00c592adc2ae34b150a7f146a156db66f44b304f1740c42e7cdcf78ecae                                                                                                                                                                                   │
│  │ Sender: 0x7dd2687d223800eb41ea5edf645941ee49f75862dff5e35f5efd07855dbea292                                                                                                                                                                                     │
│  │ Owner: Account Address ( 0x7dd2687d223800eb41ea5edf645941ee49f75862dff5e35f5efd07855dbea292 )                                                                                                                                                                  │
│  │ ObjectType: 0x2::display::Display<0x8b6bd5537cf68ba37e05cadeef6dbd9ef7939c0747f03f8ed4e402263dec8d94::atelier::Atelier<0x8b6bd5537cf68ba37e05cadeef6dbd9ef7939c0747f03f8ed4e402263dec8d94::atelier::ATELIER>>                                                  │
│  │ Version: 618645365                                                                                                                                                                                                                                             │
│  │ Digest: 2PgpigjygkeuDuKZuVzPXPoEc14ho4nKYivPS713hyQJ                                                                                                                                                                                                           │
│  └──                                                                                                                                                                                                                                                              │
│  ┌──                                                                                                                                                                                                                                                              │
│  │ ObjectID: 0x136e8e7aaec8f1a0b9f91715fc456b4638fbdab4483b9e8179edd1df9ab95a1e                                                                                                                                                                                   │
│  │ Sender: 0x7dd2687d223800eb41ea5edf645941ee49f75862dff5e35f5efd07855dbea292                                                                                                                                                                                     │
│  │ Owner: Account Address ( 0x7dd2687d223800eb41ea5edf645941ee49f75862dff5e35f5efd07855dbea292 )                                                                                                                                                                  │
│  │ ObjectType: 0x2::display::Display<0x8b6bd5537cf68ba37e05cadeef6dbd9ef7939c0747f03f8ed4e402263dec8d94::sculpt::Sculpt<0x8b6bd5537cf68ba37e05cadeef6dbd9ef7939c0747f03f8ed4e402263dec8d94::atelier::ATELIER>>                                                    │
│  │ Version: 618645365                                                                                                                                                                                                                                             │
│  │ Digest: C49RLkXqMa4FNVEqUrcjhKB92sWDd2ZARKe5Lvw7TqPY                                                                                                                                                                                                           │
│  └──                                                                                                                                                                                                                                                              │
│  ┌──                                                                                                                                                                                                                                                              │
│  │ ObjectID: 0x14bb03bb7a4943aa194694a8a4b9a765dd1675a1bf995e952fa8efacf0c3a9dd                                                                                                                                                                                   │
│  │ Sender: 0x7dd2687d223800eb41ea5edf645941ee49f75862dff5e35f5efd07855dbea292                                                                                                                                                                                     │
│  │ Owner: Object ID: ( 0x9db69a0ef2961bde3348c304e369c65d8d16b339a8371a2d26162d6e682d6756 )                                                                                                                                                                       │
│  │ ObjectType: 0x2::dynamic_field::Field<0x2::transfer_policy::RuleKey<0x8b6bd5537cf68ba37e05cadeef6dbd9ef7939c0747f03f8ed4e402263dec8d94::royalty_rule::RoyaltyRule>, 0x8b6bd5537cf68ba37e05cadeef6dbd9ef7939c0747f03f8ed4e402263dec8d94::royalty_rule::Config>  │
│  │ Version: 618645365                                                                                                                                                                                                                                             │
│  │ Digest: 9nUggNYcUFrkdiaoWAJseRHnTAStuRgkCg157YBCkn9J                                                                                                                                                                                                           │
│  └──                                                                                                                                                                                                                                                              │
│  ┌──                                                                                                                                                                                                                                                              │
│  │ ObjectID: 0x1951cb73433dab47d35213477493bb1a7173703c7ad7924e012746e955975e5b                                                                                                                                                                                   │
│  │ Sender: 0x7dd2687d223800eb41ea5edf645941ee49f75862dff5e35f5efd07855dbea292                                                                                                                                                                                     │
│  │ Owner: Account Address ( 0x7dd2687d223800eb41ea5edf645941ee49f75862dff5e35f5efd07855dbea292 )                                                                                                                                                                  │
│  │ ObjectType: 0x2::package::Publisher                                                                                                                                                                                                                            │
│  │ Version: 618645365                                                                                                                                                                                                                                             │
│  │ Digest: 4zggNgP4HqLiDQJPzT1ooCBKDYuv6yumvPWKnezfeqbk                                                                                                                                                                                                           │
│  └──                                                                                                                                                                                                                                                              │
│  ┌──                                                                                                                                                                                                                                                              │
│  │ ObjectID: 0x226be4d6dcf1fc7f1656df3604eee1586d6a5136c96c5c3bd63f520a89effeb8                                                                                                                                                                                   │
│  │ Sender: 0x7dd2687d223800eb41ea5edf645941ee49f75862dff5e35f5efd07855dbea292                                                                                                                                                                                     │
│  │ Owner: Account Address ( 0x7dd2687d223800eb41ea5edf645941ee49f75862dff5e35f5efd07855dbea292 )                                                                                                                                                                  │
│  │ ObjectType: 0x2::display::Display<0x8b6bd5537cf68ba37e05cadeef6dbd9ef7939c0747f03f8ed4e402263dec8d94::archimeters::MemberShip>                                                                                                                                 │
│  │ Version: 618645365                                                                                                                                                                                                                                             │
│  │ Digest: 7VmUHSZTDCqnrZxRRfD8o19SAyJdhgpU1pmSrYnXuEz2                                                                                                                                                                                                           │
│  └──                                                                                                                                                                                                                                                              │
│  ┌──                                                                                                                                                                                                                                                              │
│  │ ObjectID: 0x2b0363d9606a5ae3ca9d8e29b2a8f2f3144d02eca054501e86b9a0673c424e31                                                                                                                                                                                   │
│  │ Sender: 0x7dd2687d223800eb41ea5edf645941ee49f75862dff5e35f5efd07855dbea292                                                                                                                                                                                     │
│  │ Owner: Shared( 618645365 )                                                                                                                                                                                                                                     │
│  │ ObjectType: 0x8b6bd5537cf68ba37e05cadeef6dbd9ef7939c0747f03f8ed4e402263dec8d94::archimeters::State                                                                                                                                                             │
│  │ Version: 618645365                                                                                                                                                                                                                                             │
│  │ Digest: 9QhJuNe3D5XemBYRjmx2CVyvnvz21KM1NWFzyKKkk5k6                                                                                                                                                                                                           │
│  └──                                                                                                                                                                                                                                                              │
│  ┌──                                                                                                                                                                                                                                                              │
│  │ ObjectID: 0x74c026e94ce9d35d1d6d52ec060404d28f4fb8f27d450baa090b860f5cf121b9                                                                                                                                                                                   │
│  │ Sender: 0x7dd2687d223800eb41ea5edf645941ee49f75862dff5e35f5efd07855dbea292                                                                                                                                                                                     │
│  │ Owner: Account Address ( 0x7dd2687d223800eb41ea5edf645941ee49f75862dff5e35f5efd07855dbea292 )                                                                                                                                                                  │
│  │ ObjectType: 0x2::package::Publisher                                                                                                                                                                                                                            │
│  │ Version: 618645365                                                                                                                                                                                                                                             │
│  │ Digest: 2qFszYTYe5a7z5TciCZh3CcrZpxUHxsTfChnTfjb5bTR                                                                                                                                                                                                           │
│  └──                                                                                                                                                                                                                                                              │
│  ┌──                                                                                                                                                                                                                                                              │
│  │ ObjectID: 0x9db69a0ef2961bde3348c304e369c65d8d16b339a8371a2d26162d6e682d6756                                                                                                                                                                                   │
│  │ Sender: 0x7dd2687d223800eb41ea5edf645941ee49f75862dff5e35f5efd07855dbea292                                                                                                                                                                                     │
│  │ Owner: Shared( 618645365 )                                                                                                                                                                                                                                     │
│  │ ObjectType: 0x2::transfer_policy::TransferPolicy<0x8b6bd5537cf68ba37e05cadeef6dbd9ef7939c0747f03f8ed4e402263dec8d94::sculpt::Sculpt<0x8b6bd5537cf68ba37e05cadeef6dbd9ef7939c0747f03f8ed4e402263dec8d94::atelier::ATELIER>>                                     │
│  │ Version: 618645365                                                                                                                                                                                                                                             │
│  │ Digest: FgZTV8UGbHviXCid3FEYCLSwHMvguywmspFyuNfRPPkR                                                                                                                                                                                                           │
│  └──                                                                                                                                                                                                                                                              │
│  ┌──                                                                                                                                                                                                                                                              │
│  │ ObjectID: 0xac3eb932b8319b8d699385471f6d395526d6f14d0b83b45d030ae144d47811ee                                                                                                                                                                                   │
│  │ Sender: 0x7dd2687d223800eb41ea5edf645941ee49f75862dff5e35f5efd07855dbea292                                                                                                                                                                                     │
│  │ Owner: Shared( 618645365 )                                                                                                                                                                                                                                     │
│  │ ObjectType: 0x8b6bd5537cf68ba37e05cadeef6dbd9ef7939c0747f03f8ed4e402263dec8d94::atelier::AtelierState                                                                                                                                                          │
│  │ Version: 618645365                                                                                                                                                                                                                                             │
│  │ Digest: DRqr9Q7PoMxvwBPoQqfTQ7z3xk8zFpAV2RvJyeCmbBXv                                                                                                                                                                                                           │
│  └──                                                                                                                                                                                                                                                              │
│  ┌──                                                                                                                                                                                                                                                              │
│  │ ObjectID: 0xbb0d89498a4856a6d2d1a2a1810f5482e222828abd5db086aaab9cdc147a9d1c                                                                                                                                                                                   │
│  │ Sender: 0x7dd2687d223800eb41ea5edf645941ee49f75862dff5e35f5efd07855dbea292                                                                                                                                                                                     │
│  │ Owner: Account Address ( 0x7dd2687d223800eb41ea5edf645941ee49f75862dff5e35f5efd07855dbea292 )                                                                                                                                                                  │
│  │ ObjectType: 0x2::transfer_policy::TransferPolicyCap<0x8b6bd5537cf68ba37e05cadeef6dbd9ef7939c0747f03f8ed4e402263dec8d94::sculpt::Sculpt<0x8b6bd5537cf68ba37e05cadeef6dbd9ef7939c0747f03f8ed4e402263dec8d94::atelier::ATELIER>>                                  │
│  │ Version: 618645365                                                                                                                                                                                                                                             │
│  │ Digest: GYhihRgonTb7n9ddY3iR22ASLWACLstiV9kYcc4ZjEW4                                                                                                                                                                                                           │
│  └──                                                                                                                                                                                                                                                              │
│  ┌──                                                                                                                                                                                                                                                              │
│  │ ObjectID: 0xd506d0bfbf947cf64f175d7e0a2a14d9c6e44fe6c7fc08b53cb33ee3c5af7572                                                                                                                                                                                   │
│  │ Sender: 0x7dd2687d223800eb41ea5edf645941ee49f75862dff5e35f5efd07855dbea292                                                                                                                                                                                     │
│  │ Owner: Account Address ( 0x7dd2687d223800eb41ea5edf645941ee49f75862dff5e35f5efd07855dbea292 )                                                                                                                                                                  │
│  │ ObjectType: 0x2::package::Publisher                                                                                                                                                                                                                            │
│  │ Version: 618645365                                                                                                                                                                                                                                             │
│  │ Digest: JAbFDKu7gJ2L8uyDGBpTxcgVNyTR8NtqiWPheZw4L7po                                                                                                                                                                                                           │
│  └──                                                                                                                                                                                                                                                              │
│  ┌──                                                                                                                                                                                                                                                              │
│  │ ObjectID: 0xd7cb120942c788d1ad9de08748e2d72ac7eb537514a289a9787f30deb4e345dc                                                                                                                                                                                   │
│  │ Sender: 0x7dd2687d223800eb41ea5edf645941ee49f75862dff5e35f5efd07855dbea292                                                                                                                                                                                     │
│  │ Owner: Account Address ( 0x7dd2687d223800eb41ea5edf645941ee49f75862dff5e35f5efd07855dbea292 )                                                                                                                                                                  │
│  │ ObjectType: 0x2::package::UpgradeCap                                                                                                                                                                                                                           │
│  │ Version: 618645365                                                                                                                                                                                                                                             │
│  │ Digest: DvRWjk9LzPgdwzkHQkQSdAompTJsXSnTheZCZZA4ZPvc                                                                                                                                                                                                           │
│  └──                                                                                                                                                                                                                                                              │
│  ┌──                                                                                                                                                                                                                                                              │
│  │ ObjectID: 0xe242a48a9a87458f85e40524ca5b5f44f1e1ee37af5b1a3b8582c9fd585d6fd8                                                                                                                                                                                   │
│  │ Sender: 0x7dd2687d223800eb41ea5edf645941ee49f75862dff5e35f5efd07855dbea292                                                                                                                                                                                     │
│  │ Owner: Object ID: ( 0xef246514972aa4c367da3bf9e40f69b01428fb07277bb997e1f2f9adc41201b8 )                                                                                                                                                                       │
│  │ ObjectType: 0x2::dynamic_field::Field<0x2::transfer_policy::RuleKey<0x8b6bd5537cf68ba37e05cadeef6dbd9ef7939c0747f03f8ed4e402263dec8d94::royalty_rule::RoyaltyRule>, 0x8b6bd5537cf68ba37e05cadeef6dbd9ef7939c0747f03f8ed4e402263dec8d94::royalty_rule::Config>  │
│  │ Version: 618645365                                                                                                                                                                                                                                             │
│  │ Digest: H93iFvXpwxanv6aDadtdQDbpFF4HMKeVv4mnivnKjqJi                                                                                                                                                                                                           │
│  └──                                                                                                                                                                                                                                                              │
│  ┌──                                                                                                                                                                                                                                                              │
│  │ ObjectID: 0xef246514972aa4c367da3bf9e40f69b01428fb07277bb997e1f2f9adc41201b8                                                                                                                                                                                   │
│  │ Sender: 0x7dd2687d223800eb41ea5edf645941ee49f75862dff5e35f5efd07855dbea292                                                                                                                                                                                     │
│  │ Owner: Shared( 618645365 )                                                                                                                                                                                                                                     │
│  │ ObjectType: 0x2::transfer_policy::TransferPolicy<0x8b6bd5537cf68ba37e05cadeef6dbd9ef7939c0747f03f8ed4e402263dec8d94::atelier::Atelier<0x8b6bd5537cf68ba37e05cadeef6dbd9ef7939c0747f03f8ed4e402263dec8d94::atelier::ATELIER>>                                   │
│  │ Version: 618645365                                                                                                                                                                                                                                             │
│  │ Digest: 9ZeGgVjQL9sUUByypNiG4BVECia6JcYV6cWDjS2DD7ve                                                                                                                                                                                                           │
│  └──                                                                                                                                                                                                                                                              │
│ Mutated Objects:                                                                                                                                                                                                                                                  │
│  ┌──                                                                                                                                                                                                                                                              │
│  │ ObjectID: 0xa40a694ad80b1b9b84879d42adb20bcd96d70f77407a27c2d1ad1eea5c007b04                                                                                                                                                                                   │
│  │ Sender: 0x7dd2687d223800eb41ea5edf645941ee49f75862dff5e35f5efd07855dbea292                                                                                                                                                                                     │
│  │ Owner: Account Address ( 0x7dd2687d223800eb41ea5edf645941ee49f75862dff5e35f5efd07855dbea292 )                                                                                                                                                                  │
│  │ ObjectType: 0x2::coin::Coin<0x2::sui::SUI>                                                                                                                                                                                                                     │
│  │ Version: 618645365                                                                                                                                                                                                                                             │
│  │ Digest: 49NG4qTJ94m5xnHrhnRnsFzx8izzbabS4CjTqq4TLqiT                                                                                                                                                                                                           │
│  └──                                                                                                                                                                                                                                                              │
│ Published Objects:                                                                                                                                                                                                                                                │
│  ┌──                                                                                                                                                                                                                                                              │
│  │ PackageID: 0x8b6bd5537cf68ba37e05cadeef6dbd9ef7939c0747f03f8ed4e402263dec8d94                                                                                                                                                                                  │
│  │ Version: 1                                                                                                                                                                                                                                                     │
│  │ Digest: CXXwKsHzv668Mq32x5NuBYz1qHNcsCkWxTciPiVsV735                                                                                                                                                                                                           │
│  │ Modules: archimeters, atelier, atelier_marketplace, royalty_rule, sculpt                                                                                                                                                                                       │
│  └──                                                                                                                                                                                                                                                              │
╰───────────────────────────────────────────────────────────────────────────────────────────────────────────────────────────────────────────────────────────────────────────────────────────────────────────────────────────────────────────────────────────────────╯
╭───────────────────────────────────────────────────────────────────────────────────────────────────╮
│ Balance Changes                                                                                   │
├───────────────────────────────────────────────────────────────────────────────────────────────────┤
│  ┌──                                                                                              │
│  │ Owner: Account Address ( 0x7dd2687d223800eb41ea5edf645941ee49f75862dff5e35f5efd07855dbea292 )  │
│  │ CoinType: 0x2::sui::SUI                                                                        │
│  │ Amount: -150422680                                                                             │
│  └──                                                                                              │
╰───────────────────────────────────────────────────────────────────────────────────────────────────╯
